<?xml version="1.0" encoding="UTF-8"?>
<!-- Generated by org.testng.reporters.JUnitReportReporter -->
<testsuite hostname="QSP" failures="0" tests="1" name="scripts.Testcase1" time="0.003" errors="0" timestamp="2022-04-03T10:04:21 IST" skipped="0">
  <testcase classname="scripts.Testcase1" name="tc1" time="0.003"/>
</testsuite> <!-- scripts.Testcase1 -->
